INFORMATION
mode: 					 joint
dataset: 				 CIFAR10
number of child network layers: 	 6
include stride: 			 True
include pooling: 			 True
skip connection: 			 False
required # LUTs: 			 100000.0
required throughput: 			 1000
Assumed frequency: 			 100000000.0
training epochs: 			 30
data augmentation: 			 False
batch size: 				 128
controller learning rate: 		 0.2
architecture episodes: 			 2000
using multi gpus: 			 False
architecture space: 
filter_height: 				 (1, 3, 5, 7)
filter_width: 				 (1, 3, 5, 7)
stride_height: 				 (1, 2, 3)
stride_width: 				 (1, 2, 3)
num_filters: 				 (24, 36, 48, 64)
pool_size: 				 (1, 2)
quantization space: 
act_num_int_bits: 			 (0, 1, 2, 3)
act_num_frac_bits: 			 (0, 1, 2, 3, 4, 5, 6)
weight_num_int_bits: 			 (0, 1, 2, 3)
weight_num_frac_bits: 			 (0, 1, 2, 3, 4, 5, 6)
==================================================Start exploring architecture & quantization space==================================================
----------------------------------------------------------------------------------------------------------------------------------
Sample Architecture ID: 1, Sampled actions: [0, 2, 0, 0, 3, 0, 1, 6, 2, 5, 1, 2, 0, 2, 3, 0, 1, 1, 1, 0, 1, 2, 1, 1, 1, 0, 3, 1, 2, 6, 1, 2, 2, 0, 1, 0, 3, 3, 3, 6, 0, 3, 0, 2, 1, 1, 0, 3, 2, 5, 2, 2, 2, 0, 3, 1, 0, 2, 3, 6]
Reward: 0.09880000000000001, Elasped time: 216.15200066566467, Average time: 216.15200066566467
Best Reward: 0.09880000000000001, ID: 1, Rollout: [0, 2, 0, 0, 3, 0, 1, 6, 2, 5, 1, 2, 0, 2, 3, 0, 1, 1, 1, 0, 1, 2, 1, 1, 1, 0, 3, 1, 2, 6, 1, 2, 2, 0, 1, 0, 3, 3, 3, 6, 0, 3, 0, 2, 1, 1, 0, 3, 2, 5, 2, 2, 2, 0, 3, 1, 0, 2, 3, 6]
----------------------------------------------------------------------------------------------------------------------------------
Sample Architecture ID: 2, Sampled actions: [0, 0, 2, 0, 3, 0, 0, 5, 1, 1, 1, 1, 0, 2, 0, 1, 3, 1, 2, 0, 0, 3, 1, 0, 2, 0, 3, 5, 1, 5, 3, 2, 2, 0, 1, 1, 2, 4, 0, 2, 2, 0, 0, 1, 1, 1, 2, 3, 0, 5, 0, 3, 1, 1, 0, 1, 3, 1, 0, 5]
Reward: 0.09994, Elasped time: 156.5933165550232, Average time: 186.37265861034393
Best Reward: 0.09994, ID: 2, Rollout: [0, 0, 2, 0, 3, 0, 0, 5, 1, 1, 1, 1, 0, 2, 0, 1, 3, 1, 2, 0, 0, 3, 1, 0, 2, 0, 3, 5, 1, 5, 3, 2, 2, 0, 1, 1, 2, 4, 0, 2, 2, 0, 0, 1, 1, 1, 2, 3, 0, 5, 0, 3, 1, 1, 0, 1, 3, 1, 0, 5]
----------------------------------------------------------------------------------------------------------------------------------
Sample Architecture ID: 3, Sampled actions: [3, 3, 0, 1, 2, 0, 0, 6, 1, 4, 2, 0, 2, 2, 1, 1, 1, 6, 3, 1, 2, 2, 1, 2, 0, 1, 3, 4, 2, 5, 1, 0, 0, 1, 1, 1, 1, 2, 2, 4, 0, 2, 0, 2, 2, 1, 1, 5, 3, 4, 3, 1, 0, 2, 0, 0, 0, 1, 3, 3]
Reward: 0.10044, Elasped time: 155.54148626327515, Average time: 176.095601161321
Best Reward: 0.10044, ID: 3, Rollout: [3, 3, 0, 1, 2, 0, 0, 6, 1, 4, 2, 0, 2, 2, 1, 1, 1, 6, 3, 1, 2, 2, 1, 2, 0, 1, 3, 4, 2, 5, 1, 0, 0, 1, 1, 1, 1, 2, 2, 4, 0, 2, 0, 2, 2, 1, 1, 5, 3, 4, 3, 1, 0, 2, 0, 0, 0, 1, 3, 3]
----------------------------------------------------------------------------------------------------------------------------------
Sample Architecture ID: 4, Sampled actions: [2, 3, 1, 2, 1, 1, 2, 3, 0, 1, 3, 3, 1, 1, 1, 0, 2, 6, 3, 4, 1, 0, 1, 0, 2, 0, 1, 6, 1, 5, 2, 3, 0, 1, 0, 1, 2, 3, 3, 4, 3, 1, 0, 2, 1, 1, 1, 3, 2, 2, 2, 3, 2, 2, 0, 0, 0, 1, 1, 1]
Reward: 0.10128, Elasped time: 154.66414093971252, Average time: 170.73773610591888
Best Reward: 0.10128, ID: 4, Rollout: [2, 3, 1, 2, 1, 1, 2, 3, 0, 1, 3, 3, 1, 1, 1, 0, 2, 6, 3, 4, 1, 0, 1, 0, 2, 0, 1, 6, 1, 5, 2, 3, 0, 1, 0, 1, 2, 3, 3, 4, 3, 1, 0, 2, 1, 1, 1, 3, 2, 2, 2, 3, 2, 2, 0, 0, 0, 1, 1, 1]
----------------------------------------------------------------------------------------------------------------------------------
Sample Architecture ID: 5, Sampled actions: [0, 2, 0, 2, 3, 1, 3, 3, 0, 3, 2, 2, 2, 2, 2, 0, 2, 1, 1, 4, 1, 3, 2, 0, 1, 0, 0, 6, 1, 4, 1, 0, 0, 0, 2, 1, 2, 5, 1, 1, 0, 2, 2, 2, 0, 1, 3, 2, 1, 0, 2, 0, 2, 0, 1, 0, 3, 3, 1, 5]
Reward: 0.10003999999999999, Elasped time: 154.09165143966675, Average time: 167.40851917266846
Best Reward: 0.10128, ID: 4, Rollout: [2, 3, 1, 2, 1, 1, 2, 3, 0, 1, 3, 3, 1, 1, 1, 0, 2, 6, 3, 4, 1, 0, 1, 0, 2, 0, 1, 6, 1, 5, 2, 3, 0, 1, 0, 1, 2, 3, 3, 4, 3, 1, 0, 2, 1, 1, 1, 3, 2, 2, 2, 3, 2, 2, 0, 0, 0, 1, 1, 1]
----------------------------------------------------------------------------------------------------------------------------------
Sample Architecture ID: 6, Sampled actions: [0, 1, 1, 0, 3, 1, 1, 6, 2, 0, 2, 0, 1, 2, 2, 1, 2, 0, 0, 1, 0, 3, 1, 2, 1, 0, 2, 3, 1, 4, 0, 0, 1, 2, 1, 0, 0, 6, 0, 6, 1, 3, 1, 0, 0, 1, 3, 5, 2, 3, 1, 3, 1, 2, 3, 1, 3, 4, 3, 1]
Reward: 0.09974, Elasped time: 154.89749002456665, Average time: 165.32334764798483
Best Reward: 0.10128, ID: 4, Rollout: [2, 3, 1, 2, 1, 1, 2, 3, 0, 1, 3, 3, 1, 1, 1, 0, 2, 6, 3, 4, 1, 0, 1, 0, 2, 0, 1, 6, 1, 5, 2, 3, 0, 1, 0, 1, 2, 3, 3, 4, 3, 1, 0, 2, 1, 1, 1, 3, 2, 2, 2, 3, 2, 2, 0, 0, 0, 1, 1, 1]
----------------------------------------------------------------------------------------------------------------------------------
Sample Architecture ID: 7, Sampled actions: [1, 3, 1, 0, 0, 0, 1, 0, 0, 5, 2, 2, 0, 1, 3, 1, 3, 2, 0, 2, 3, 1, 0, 0, 2, 0, 3, 4, 3, 1, 3, 3, 2, 0, 2, 0, 2, 4, 1, 6, 3, 3, 1, 0, 1, 1, 3, 5, 0, 6, 1, 1, 1, 1, 1, 0, 3, 5, 1, 6]
Reward: 0.1, Elasped time: 174.1404790878296, Average time: 166.58293785367692
Best Reward: 0.10128, ID: 4, Rollout: [2, 3, 1, 2, 1, 1, 2, 3, 0, 1, 3, 3, 1, 1, 1, 0, 2, 6, 3, 4, 1, 0, 1, 0, 2, 0, 1, 6, 1, 5, 2, 3, 0, 1, 0, 1, 2, 3, 3, 4, 3, 1, 0, 2, 1, 1, 1, 3, 2, 2, 2, 3, 2, 2, 0, 0, 0, 1, 1, 1]
----------------------------------------------------------------------------------------------------------------------------------
Sample Architecture ID: 8, Sampled actions: [3, 0, 0, 1, 2, 0, 2, 6, 2, 0, 3, 2, 2, 0, 1, 1, 1, 4, 3, 3, 0, 1, 0, 1, 1, 1, 1, 5, 0, 3, 2, 0, 2, 1, 1, 1, 0, 3, 0, 3, 1, 0, 0, 2, 2, 1, 0, 3, 3, 5, 3, 3, 0, 1, 3, 1, 2, 6, 1, 5]
Reward: 0.11554, Elasped time: 169.61424374580383, Average time: 166.9618510901928
Best Reward: 0.11554, ID: 8, Rollout: [3, 0, 0, 1, 2, 0, 2, 6, 2, 0, 3, 2, 2, 0, 1, 1, 1, 4, 3, 3, 0, 1, 0, 1, 1, 1, 1, 5, 0, 3, 2, 0, 2, 1, 1, 1, 0, 3, 0, 3, 1, 0, 0, 2, 2, 1, 0, 3, 3, 5, 3, 3, 0, 1, 3, 1, 2, 6, 1, 5]
----------------------------------------------------------------------------------------------------------------------------------
Sample Architecture ID: 9, Sampled actions: [1, 2, 0, 1, 1, 1, 1, 4, 2, 4, 0, 1, 0, 1, 2, 1, 1, 1, 0, 3, 1, 3, 1, 2, 3, 0, 0, 1, 2, 3, 2, 2, 1, 0, 0, 0, 3, 4, 1, 1, 2, 2, 2, 0, 0, 1, 3, 4, 2, 5, 0, 2, 2, 2, 1, 0, 0, 1, 0, 4]
Reward: 0.10088, Elasped time: 154.42259001731873, Average time: 165.56859985987344
Best Reward: 0.11554, ID: 8, Rollout: [3, 0, 0, 1, 2, 0, 2, 6, 2, 0, 3, 2, 2, 0, 1, 1, 1, 4, 3, 3, 0, 1, 0, 1, 1, 1, 1, 5, 0, 3, 2, 0, 2, 1, 1, 1, 0, 3, 0, 3, 1, 0, 0, 2, 2, 1, 0, 3, 3, 5, 3, 3, 0, 1, 3, 1, 2, 6, 1, 5]
----------------------------------------------------------------------------------------------------------------------------------
Sample Architecture ID: 10, Sampled actions: [3, 0, 2, 1, 3, 0, 1, 5, 1, 6, 2, 1, 0, 0, 0, 0, 1, 3, 1, 3, 1, 3, 2, 2, 1, 0, 2, 2, 2, 6, 0, 2, 0, 1, 1, 0, 3, 1, 1, 2, 3, 2, 1, 1, 1, 0, 2, 5, 0, 2, 1, 1, 2, 1, 1, 1, 3, 4, 3, 5]
Reward: 0.13024000000000002, Elasped time: 152.56242060661316, Average time: 164.26798193454744
Best Reward: 0.13024000000000002, ID: 10, Rollout: [3, 0, 2, 1, 3, 0, 1, 5, 1, 6, 2, 1, 0, 0, 0, 0, 1, 3, 1, 3, 1, 3, 2, 2, 1, 0, 2, 2, 2, 6, 0, 2, 0, 1, 1, 0, 3, 1, 1, 2, 3, 2, 1, 1, 1, 0, 2, 5, 0, 2, 1, 1, 2, 1, 1, 1, 3, 4, 3, 5]
----------------------------------------------------------------------------------------------------------------------------------
Sample Architecture ID: 11, Sampled actions: [1, 0, 0, 0, 2, 1, 0, 1, 2, 3, 1, 3, 2, 0, 2, 0, 2, 4, 3, 4, 0, 2, 1, 2, 0, 1, 3, 5, 1, 4, 2, 1, 2, 1, 1, 0, 2, 0, 1, 4, 0, 2, 0, 1, 3, 1, 0, 5, 3, 0, 2, 2, 0, 1, 3, 0, 0, 6, 1, 1]
